TN:
SF:src/config/database.js
FN:3,(anonymous_0)
FN:11,(anonymous_1)
FN:15,(anonymous_2)
FN:19,(anonymous_3)
FNF:4
FNH:0
FNDA:0,(anonymous_0)
FNDA:0,(anonymous_1)
FNDA:0,(anonymous_2)
FNDA:0,(anonymous_3)
DA:1,4
DA:3,4
DA:4,0
DA:5,0
DA:9,0
DA:11,0
DA:12,0
DA:15,0
DA:16,0
DA:19,0
DA:20,0
DA:21,0
DA:22,0
DA:25,0
DA:26,0
DA:30,4
LF:16
LH:3
BRF:0
BRH:0
end_of_record
TN:
SF:src/config/jwt.js
FN:7,(anonymous_0)
FN:19,(anonymous_1)
FNF:2
FNH:2
FNDA:52,(anonymous_0)
FNDA:27,(anonymous_1)
DA:1,6
DA:3,6
DA:4,6
DA:5,6
DA:7,6
DA:8,52
DA:9,52
DA:15,0
DA:19,6
DA:20,27
DA:21,27
DA:22,2
DA:25,25
DA:30,6
DA:31,6
DA:35,6
LF:16
LH:15
BRDA:3,0,0,6
BRDA:3,0,1,0
BRDA:4,1,0,6
BRDA:4,1,1,6
BRDA:5,2,0,6
BRDA:5,2,1,2
BRDA:21,3,0,2
BRDA:21,3,1,25
BRF:8
BRH:7
end_of_record
TN:
SF:src/controllers/authController.js
FN:4,(anonymous_0)
FN:59,(anonymous_1)
FN:82,(anonymous_2)
FN:155,(anonymous_3)
FNF:4
FNH:4
FNDA:7,(anonymous_0)
FNDA:2,(anonymous_1)
FNDA:6,(anonymous_2)
FNDA:1,(anonymous_3)
DA:1,4
DA:2,4
DA:4,4
DA:5,7
DA:6,7
DA:9,7
DA:10,1
DA:17,6
DA:18,6
DA:19,1
DA:26,5
DA:32,5
DA:35,3
DA:41,3
DA:57,2
DA:58,2
DA:59,2
DA:61,2
DA:68,0
DA:69,0
DA:75,0
DA:82,4
DA:83,6
DA:84,6
DA:87,6
DA:88,1
DA:95,5
DA:96,5
DA:97,1
DA:104,4
DA:105,1
DA:112,3
DA:113,3
DA:114,1
DA:121,2
DA:122,2
DA:125,2
DA:131,2
DA:147,0
DA:148,0
DA:155,4
DA:156,1
DA:158,1
DA:163,0
DA:164,0
DA:171,4
LF:46
LH:39
BRDA:9,0,0,1
BRDA:9,0,1,6
BRDA:9,1,0,7
BRDA:9,1,1,7
BRDA:9,1,2,6
BRDA:18,2,0,1
BRDA:18,2,1,5
BRDA:57,3,0,2
BRDA:57,3,1,0
BRDA:68,4,0,0
BRDA:68,4,1,0
BRDA:87,5,0,1
BRDA:87,5,1,5
BRDA:87,6,0,6
BRDA:87,6,1,5
BRDA:96,7,0,1
BRDA:96,7,1,4
BRDA:104,8,0,1
BRDA:104,8,1,3
BRDA:113,9,0,1
BRDA:113,9,1,2
BRF:21
BRH:18
end_of_record
TN:
SF:src/controllers/userController.js
FN:4,(anonymous_0)
FN:69,(anonymous_1)
FN:99,(anonymous_2)
FN:140,(anonymous_3)
FN:160,(anonymous_4)
FN:202,(anonymous_5)
FN:222,(anonymous_6)
FNF:7
FNH:5
FNDA:1,(anonymous_0)
FNDA:3,(anonymous_1)
FNDA:3,(anonymous_2)
FNDA:0,(anonymous_3)
FNDA:2,(anonymous_4)
FNDA:0,(anonymous_5)
FNDA:3,(anonymous_6)
DA:1,4
DA:2,4
DA:4,4
DA:5,1
DA:14,1
DA:16,1
DA:20,1
DA:21,0
DA:27,1
DA:28,0
DA:31,1
DA:32,0
DA:35,1
DA:36,1
DA:37,1
DA:38,1
DA:43,1
DA:44,1
DA:46,1
DA:62,0
DA:69,4
DA:70,3
DA:71,3
DA:72,3
DA:74,2
DA:75,1
DA:81,1
DA:86,1
DA:87,1
DA:92,0
DA:99,4
DA:100,3
DA:101,3
DA:103,3
DA:104,1
DA:111,2
DA:112,2
DA:113,1
DA:120,1
DA:127,1
DA:129,1
DA:130,1
DA:132,1
DA:138,0
DA:139,0
DA:140,0
DA:142,0
DA:147,0
DA:148,0
DA:153,0
DA:160,4
DA:161,2
DA:162,2
DA:163,2
DA:165,2
DA:166,2
DA:167,2
DA:168,2
DA:169,2
DA:172,2
DA:173,1
DA:174,1
DA:175,0
DA:183,2
DA:188,2
DA:189,1
DA:194,1
DA:200,0
DA:201,0
DA:202,0
DA:204,0
DA:209,0
DA:210,0
DA:215,0
DA:222,4
DA:223,3
DA:224,3
DA:227,3
DA:228,1
DA:234,2
DA:236,2
DA:237,1
DA:243,1
DA:244,1
DA:246,1
DA:258,0
DA:259,0
DA:264,0
DA:271,4
LF:89
LH:66
BRDA:7,0,0,1
BRDA:8,1,0,1
BRDA:9,2,0,1
BRDA:10,3,0,1
BRDA:11,4,0,1
BRDA:12,5,0,1
BRDA:13,6,0,1
BRDA:20,7,0,0
BRDA:20,7,1,1
BRDA:27,8,0,0
BRDA:27,8,1,1
BRDA:31,9,0,0
BRDA:31,9,1,1
BRDA:37,10,0,0
BRDA:37,10,1,1
BRDA:74,11,0,1
BRDA:74,11,1,1
BRDA:86,12,0,1
BRDA:86,12,1,0
BRDA:101,13,0,2
BRDA:101,14,0,3
BRDA:103,15,0,1
BRDA:103,15,1,2
BRDA:103,16,0,3
BRDA:103,16,1,3
BRDA:103,16,2,2
BRDA:112,17,0,1
BRDA:112,17,1,1
BRDA:138,18,0,0
BRDA:138,18,1,0
BRDA:147,19,0,0
BRDA:147,19,1,0
BRDA:166,20,0,2
BRDA:166,20,1,0
BRDA:167,21,0,1
BRDA:167,21,1,1
BRDA:168,22,0,0
BRDA:168,22,1,2
BRDA:169,23,0,0
BRDA:169,23,1,2
BRDA:172,24,0,1
BRDA:172,24,1,1
BRDA:174,25,0,0
BRDA:174,25,1,1
BRDA:188,26,0,1
BRDA:188,26,1,1
BRDA:200,27,0,0
BRDA:200,27,1,0
BRDA:209,28,0,0
BRDA:209,28,1,0
BRDA:227,29,0,1
BRDA:227,29,1,2
BRDA:236,30,0,1
BRDA:236,30,1,1
BRDA:258,31,0,0
BRDA:258,31,1,0
BRF:56
BRH:37
end_of_record
TN:
SF:src/middleware/auth.js
FN:4,(anonymous_0)
FN:39,(anonymous_1)
FNF:2
FNH:2
FNDA:26,(anonymous_0)
FNDA:13,(anonymous_1)
DA:1,5
DA:2,5
DA:4,5
DA:5,26
DA:7,26
DA:9,26
DA:10,5
DA:15,21
DA:18,21
DA:21,19
DA:23,19
DA:24,3
DA:30,16
DA:31,16
DA:33,2
DA:39,5
DA:40,13
DA:41,12
DA:43,1
DA:49,5
LF:20
LH:20
BRDA:9,0,0,5
BRDA:9,0,1,21
BRDA:9,1,0,26
BRDA:9,1,1,22
BRDA:23,2,0,3
BRDA:23,2,1,16
BRDA:23,3,0,19
BRDA:23,3,1,17
BRDA:40,4,0,12
BRDA:40,4,1,1
BRDA:40,5,0,13
BRDA:40,5,1,13
BRF:12
BRH:12
end_of_record
TN:
SF:src/middleware/errorHandler.js
FN:1,(anonymous_0)
FN:18,(anonymous_1)
FNF:2
FNH:0
FNDA:0,(anonymous_0)
FNDA:0,(anonymous_1)
DA:1,4
DA:2,0
DA:3,0
DA:5,0
DA:7,0
DA:8,0
DA:9,0
DA:12,0
DA:13,0
DA:14,0
DA:17,0
DA:18,0
DA:19,0
DA:22,0
DA:23,0
DA:24,0
DA:27,0
DA:28,0
DA:29,0
DA:32,0
DA:33,0
DA:34,0
DA:37,0
DA:43,4
LF:24
LH:2
BRDA:7,0,0,0
BRDA:7,0,1,0
BRDA:12,1,0,0
BRDA:12,1,1,0
BRDA:17,2,0,0
BRDA:17,2,1,0
BRDA:22,3,0,0
BRDA:22,3,1,0
BRDA:27,4,0,0
BRDA:27,4,1,0
BRDA:32,5,0,0
BRDA:32,5,1,0
BRDA:34,6,0,0
BRDA:34,6,1,0
BRDA:37,7,0,0
BRDA:37,7,1,0
BRDA:39,8,0,0
BRDA:39,8,1,0
BRF:18
BRH:0
end_of_record
TN:
SF:src/models/User.js
FN:20,(anonymous_0)
FN:58,(anonymous_1)
FN:70,(anonymous_2)
FN:80,(anonymous_3)
FN:91,(anonymous_4)
FNF:5
FNH:5
FNDA:75,(anonymous_0)
FNDA:66,(anonymous_1)
FNDA:10,(anonymous_2)
FNDA:7,(anonymous_3)
FNDA:8,(anonymous_4)
DA:1,6
DA:2,6
DA:4,6
DA:21,75
DA:58,6
DA:59,66
DA:61,62
DA:62,62
DA:63,62
DA:64,62
DA:66,0
DA:70,6
DA:71,10
DA:72,1
DA:73,1
DA:74,1
DA:76,9
DA:80,6
DA:81,7
DA:82,2
DA:84,5
DA:85,5
DA:87,0
DA:91,6
DA:92,8
DA:93,8
DA:94,8
DA:97,6
DA:98,6
DA:100,6
LF:30
LH:28
BRDA:59,0,0,4
BRDA:59,0,1,62
BRDA:71,1,0,1
BRDA:71,1,1,9
BRDA:71,2,0,10
BRDA:71,2,1,1
BRDA:81,3,0,2
BRDA:81,3,1,5
BRF:8
BRH:8
end_of_record
TN:
SF:src/routes/auth.js
FN:10,(anonymous_0)
FNF:1
FNH:1
FNDA:1,(anonymous_0)
DA:1,4
DA:2,4
DA:3,4
DA:4,4
DA:6,4
DA:7,4
DA:8,4
DA:10,4
DA:11,1
DA:17,4
DA:18,4
LF:11
LH:11
BRF:0
BRH:0
end_of_record
TN:
SF:src/routes/users.js
FN:12,(anonymous_0)
FNF:1
FNH:0
FNDA:0,(anonymous_0)
DA:1,4
DA:2,4
DA:9,4
DA:10,4
DA:12,4
DA:13,0
DA:19,4
DA:20,4
DA:22,4
DA:23,4
DA:24,4
DA:25,4
DA:26,4
DA:28,4
DA:29,4
LF:15
LH:14
BRF:0
BRH:0
end_of_record
TN:
SF:src/seeders/index.js
FN:7,(anonymous_0)
FN:25,(anonymous_1)
FNF:2
FNH:0
FNDA:0,(anonymous_0)
FNDA:0,(anonymous_1)
DA:1,0
DA:7,0
DA:8,0
DA:9,0
DA:12,0
DA:14,0
DA:17,0
DA:18,0
DA:25,0
DA:26,0
DA:27,0
DA:30,0
DA:32,0
DA:35,0
DA:36,0
DA:41,0
DA:42,0
DA:44,0
DA:46,0
DA:47,0
DA:50,0
DA:51,0
DA:54,0
DA:55,0
DA:56,0
DA:57,0
DA:61,0
LF:27
LH:0
BRDA:41,0,0,0
BRDA:41,0,1,0
BRDA:44,1,0,0
BRDA:44,1,1,0
BRDA:44,1,2,0
BRF:5
BRH:0
end_of_record
TN:
SF:src/seeders/userSeeder.js
FN:44,(anonymous_0)
FN:67,(anonymous_1)
FN:82,(anonymous_2)
FN:101,(anonymous_3)
FN:186,(anonymous_4)
FN:232,(anonymous_5)
FN:233,(anonymous_6)
FN:241,(anonymous_7)
FN:242,(anonymous_8)
FNF:9
FNH:0
FNDA:0,(anonymous_0)
FNDA:0,(anonymous_1)
FNDA:0,(anonymous_2)
FNDA:0,(anonymous_3)
FNDA:0,(anonymous_4)
FNDA:0,(anonymous_5)
FNDA:0,(anonymous_6)
FNDA:0,(anonymous_7)
FNDA:0,(anonymous_8)
DA:1,0
DA:2,0
DA:3,0
DA:11,0
DA:23,0
DA:35,0
DA:44,0
DA:45,0
DA:46,0
DA:47,0
DA:50,0
DA:51,0
DA:53,0
DA:67,0
DA:68,0
DA:82,0
DA:84,0
DA:85,0
DA:88,0
DA:89,0
DA:94,0
DA:101,0
DA:102,0
DA:104,0
DA:105,0
DA:108,0
DA:109,0
DA:112,0
DA:116,0
DA:119,0
DA:120,0
DA:121,0
DA:122,0
DA:123,0
DA:127,0
DA:128,0
DA:129,0
DA:130,0
DA:133,0
DA:134,0
DA:136,0
DA:137,0
DA:138,0
DA:142,0
DA:143,0
DA:146,0
DA:147,0
DA:148,0
DA:149,0
DA:151,0
DA:152,0
DA:153,0
DA:154,0
DA:155,0
DA:156,0
DA:158,0
DA:159,0
DA:160,0
DA:162,0
DA:165,0
DA:168,0
DA:169,0
DA:170,0
DA:173,0
DA:176,0
DA:177,0
DA:178,0
DA:186,0
DA:187,0
DA:189,0
DA:190,0
DA:192,0
DA:193,0
DA:195,0
DA:199,0
DA:201,0
DA:202,0
DA:205,0
DA:206,0
DA:208,0
DA:209,0
DA:210,0
DA:216,0
DA:225,0
DA:226,0
DA:227,0
DA:229,0
DA:231,0
DA:232,0
DA:234,0
DA:235,0
DA:237,0
DA:240,0
DA:241,0
DA:243,0
DA:244,0
DA:246,0
DA:249,0
DA:250,0
DA:251,0
DA:252,0
DA:253,0
DA:254,0
DA:255,0
DA:256,0
DA:257,0
LF:106
LH:0
BRDA:59,0,0,0
BRDA:59,0,1,0
BRDA:84,1,0,0
BRDA:84,1,1,0
BRDA:88,2,0,0
BRDA:88,2,1,0
BRDA:88,3,0,0
BRDA:88,3,1,0
BRDA:101,4,0,0
BRDA:120,5,0,0
BRDA:120,5,1,0
BRDA:168,6,0,0
BRDA:168,6,1,0
BRDA:176,7,0,0
BRDA:176,7,1,0
BRDA:176,8,0,0
BRDA:176,8,1,0
BRDA:208,9,0,0
BRDA:208,9,1,0
BRDA:208,10,0,0
BRDA:208,10,1,0
BRDA:225,11,0,0
BRDA:225,11,1,0
BRDA:227,12,0,0
BRDA:227,12,1,0
BRDA:229,13,0,0
BRDA:229,13,1,0
BRDA:229,13,2,0
BRDA:256,14,0,0
BRDA:256,14,1,0
BRF:30
BRH:0
end_of_record
